<?xml version="1.0" encoding="UTF-8"?>
<testsuite xmlns:xsi="http://www.w3.org/2001/XMLSchema-instance" xsi:noNamespaceSchemaLocation="https://maven.apache.org/surefire/maven-surefire-plugin/xsd/surefire-test-report-3.0.xsd" version="3.0" name="com.lakehouse.cases.SparkResilienceTest" time="37.004" tests="1" errors="0" skipped="0" failures="0">
  <properties>
[...]
</properties>
  <testcase name="testSparkExecutorCrashMidWriteLeavesOrphansAndRollsBackCleanly" classname="com.lakehouse.cases.SparkResilienceTest" time="36.995">
    <system-out><![CDATA[
========== BaseTest.setUp() - Starting test environment setup ==========
Attempting to drop table 'iceberg.default.customer_clicks' if it exists...
Attempting to drop table 'iceberg.default.customer_profiles' if it exists...
S3 client connected. Checking if bucket 'warehouse' exists...
Bucket 'warehouse' exists. Purging all objects to clean the environment...
Successfully purged 0 objects. Bucket 'warehouse' is clean.
Ensuring Iceberg namespace 'default' exists...
========== BaseTest.setUp() - Completed successfully ==========

Attempting to drop table 'iceberg.default.customer_clicks' if it exists...

================================================================================
🔍 STAGE 1: BASELINE STATE (PRE-SPARK-CHAOS)
Bucket Target: warehouse | Object Prefix: default/customer_clicks
--------------------------------------------------------------------------------
   📦 PARQUET | 765        bytes | default/customer_clicks-6dfc5452193b4918b793d50b80b2b7d0/data/20260829_062040_00432_css5m-31e227bd-9620-4427-bdf8-96c337e0f4d0.parquet
   📄 METADATA | 2451       bytes | default/customer_clicks-6dfc5452193b4918b793d50b80b2b7d0/metadata/00000-44acb871-ca04-45f5-86a3-69d87d4e8983.metadata.json
   📄 METADATA | 4964       bytes | default/customer_clicks-6dfc5452193b4918b793d50b80b2b7d0/metadata/00001-f141646f-7059-4ce0-9ba7-cb35f3d96bde.metadata.json
   📁 OTHER    | 971        bytes | default/customer_clicks-6dfc5452193b4918b793d50b80b2b7d0/metadata/20260829_062040_00432_css5m-0bc9a9e8-29cd-4134-8334-97aed504cd7c.stats
   🧬 AVRO     | 7268       bytes | default/customer_clicks-6dfc5452193b4918b793d50b80b2b7d0/metadata/75a29466-6cc0-4fc7-9e0c-7dbd139cee1a-m0.avro
   🧬 AVRO     | 4313       bytes | default/customer_clicks-6dfc5452193b4918b793d50b80b2b7d0/metadata/snap-7821196285935539526-1-831d78cb-312e-4479-ab8d-f26869aa1424.avro
   🧬 AVRO     | 4490       bytes | default/customer_clicks-6dfc5452193b4918b793d50b80b2b7d0/metadata/snap-786181004529087239-1-75a29466-6cc0-4fc7-9e0c-7dbd139cee1a.avro
================================================================================

--- Submitting heavy distributed Spark append job via docker exec ---
Waiting for Spark to start writing Parquet data before inducing the crash...
No new parquet data files appeared before the outage window expired. This usually means the Spark append never reached the storage layer in time, so the chaos injection was too early.
💥 TRIGGERING CHAOS: Abruptly killing Spark container ('docker kill spark-iceberg')...
✓ Spark job exited with non-zero status as expected (Exit code: 1)
🩹 HEALING INFRASTRUCTURE: Restarting Spark container...
Sleeping 3000ms for Spark services to recover...
Logical row count after Spark container crash: 2

================================================================================
🔍 STAGE 2: POST-SPARK-CHAOS (STRANDED TASK PARTITIONS)
Bucket Target: warehouse | Object Prefix: default/customer_clicks
--------------------------------------------------------------------------------
   📦 PARQUET | 765        bytes | default/customer_clicks-6dfc5452193b4918b793d50b80b2b7d0/data/20260829_062040_00432_css5m-31e227bd-9620-4427-bdf8-96c337e0f4d0.parquet
   📄 METADATA | 2451       bytes | default/customer_clicks-6dfc5452193b4918b793d50b80b2b7d0/metadata/00000-44acb871-ca04-45f5-86a3-69d87d4e8983.metadata.json
   📄 METADATA | 4964       bytes | default/customer_clicks-6dfc5452193b4918b793d50b80b2b7d0/metadata/00001-f141646f-7059-4ce0-9ba7-cb35f3d96bde.metadata.json
   📁 OTHER    | 971        bytes | default/customer_clicks-6dfc5452193b4918b793d50b80b2b7d0/metadata/20260829_062040_00432_css5m-0bc9a9e8-29cd-4134-8334-97aed504cd7c.stats
   🧬 AVRO     | 7268       bytes | default/customer_clicks-6dfc5452193b4918b793d50b80b2b7d0/metadata/75a29466-6cc0-4fc7-9e0c-7dbd139cee1a-m0.avro
   🧬 AVRO     | 4313       bytes | default/customer_clicks-6dfc5452193b4918b793d50b80b2b7d0/metadata/snap-7821196285935539526-1-831d78cb-312e-4479-ab8d-f26869aa1424.avro
   🧬 AVRO     | 4490       bytes | default/customer_clicks-6dfc5452193b4918b793d50b80b2b7d0/metadata/snap-786181004529087239-1-75a29466-6cc0-4fc7-9e0c-7dbd139cee1a.avro
================================================================================

Temporarily lowering the remove-orphan retention guard so the cleanup can sweep this simulated outage state...

================================================================================
🔍 STAGE 3: POST-PURGE STATE (SELF-HEALED STORAGE)
Bucket Target: warehouse | Object Prefix: default/customer_clicks
--------------------------------------------------------------------------------
   📦 PARQUET | 765        bytes | default/customer_clicks-6dfc5452193b4918b793d50b80b2b7d0/data/20260829_062040_00432_css5m-31e227bd-9620-4427-bdf8-96c337e0f4d0.parquet
   📄 METADATA | 2451       bytes | default/customer_clicks-6dfc5452193b4918b793d50b80b2b7d0/metadata/00000-44acb871-ca04-45f5-86a3-69d87d4e8983.metadata.json
   📄 METADATA | 4964       bytes | default/customer_clicks-6dfc5452193b4918b793d50b80b2b7d0/metadata/00001-f141646f-7059-4ce0-9ba7-cb35f3d96bde.metadata.json
   📁 OTHER    | 971        bytes | default/customer_clicks-6dfc5452193b4918b793d50b80b2b7d0/metadata/20260829_062040_00432_css5m-0bc9a9e8-29cd-4134-8334-97aed504cd7c.stats
   🧬 AVRO     | 7268       bytes | default/customer_clicks-6dfc5452193b4918b793d50b80b2b7d0/metadata/75a29466-6cc0-4fc7-9e0c-7dbd139cee1a-m0.avro
   🧬 AVRO     | 4313       bytes | default/customer_clicks-6dfc5452193b4918b793d50b80b2b7d0/metadata/snap-7821196285935539526-1-831d78cb-312e-4479-ab8d-f26869aa1424.avro
   🧬 AVRO     | 4490       bytes | default/customer_clicks-6dfc5452193b4918b793d50b80b2b7d0/metadata/snap-786181004529087239-1-75a29466-6cc0-4fc7-9e0c-7dbd139cee1a.avro
================================================================================

Reset iceberg.remove_orphan_files_min_retention to default session state.
Attempting to drop table 'iceberg.default.customer_clicks' if it exists...

========== BaseTest.tearDown() - Starting cleanup ==========
Attempting to drop table 'iceberg.default.customer_clicks' if it exists...
Attempting to drop table 'iceberg.default.customer_profiles' if it exists...
========== BaseTest.tearDown() - Completed ==========

]]></system-out>
  </testcase>
</testsuite>