<?xml version="1.0" encoding="UTF-8"?>
<testsuite xmlns:xsi="http://www.w3.org/2001/XMLSchema-instance" xsi:noNamespaceSchemaLocation="https://maven.apache.org/surefire/maven-surefire-plugin/xsd/surefire-test-report-3.0.xsd" version="3.0" name="com.lakehouse.cases.ResilienceTest" time="15.882" tests="1" errors="0" skipped="0" failures="0">
  <properties>
[...]
</properties>
  <testcase name="testNetworkOutageMidTransactionRollsBackCleanlyAndSelfHeals" classname="com.lakehouse.cases.ResilienceTest" time="15.852">
    <system-out><![CDATA[
========== BaseTest.setUp() - Starting test environment setup ==========
Attempting to drop table 'iceberg.default.customer_clicks' if it exists...
Attempting to drop table 'iceberg.default.customer_profiles' if it exists...
S3 client connected. Checking if bucket 'warehouse' exists...
Bucket 'warehouse' exists. Purging all objects to clean the environment...
Successfully purged 0 objects. Bucket 'warehouse' is clean.
Ensuring Iceberg namespace 'default' exists...
========== BaseTest.setUp() - Completed successfully ==========

Attempting to drop table 'iceberg.default.customer_clicks' if it exists...

================================================================================
🔍 STAGE 1: BASELINE STATE (POST-SETUP)
Bucket Target: warehouse | Object Prefix: default/customer_clicks
--------------------------------------------------------------------------------
   📦 PARQUET | 765        bytes | default/customer_clicks-f985bde88f9a4be6a2252cf0eb46331b/data/20260829_062023_00406_css5m-c0911551-2e47-407b-ab3b-a2931a8b37c3.parquet
   📄 METADATA | 2451       bytes | default/customer_clicks-f985bde88f9a4be6a2252cf0eb46331b/metadata/00000-0f597fb9-92ea-49aa-a377-c0d06a4650d9.metadata.json
   📄 METADATA | 4964       bytes | default/customer_clicks-f985bde88f9a4be6a2252cf0eb46331b/metadata/00001-bffb9d77-2737-40ef-998c-ec9c91d24cf0.metadata.json
   📁 OTHER    | 971        bytes | default/customer_clicks-f985bde88f9a4be6a2252cf0eb46331b/metadata/20260829_062023_00406_css5m-27f06ce2-d566-4355-bd65-0406b602dd05.stats
   🧬 AVRO     | 7266       bytes | default/customer_clicks-f985bde88f9a4be6a2252cf0eb46331b/metadata/3bc4a778-6d60-4329-894a-a6b8bc90c526-m0.avro
   🧬 AVRO     | 4488       bytes | default/customer_clicks-f985bde88f9a4be6a2252cf0eb46331b/metadata/snap-299212012030924893-1-3bc4a778-6d60-4329-894a-a6b8bc90c526.avro
   🧬 AVRO     | 4313       bytes | default/customer_clicks-f985bde88f9a4be6a2252cf0eb46331b/metadata/snap-8496642609552066142-1-710f0a65-b098-4f86-bb40-ba2feb592cc1.avro
================================================================================

--- Launching heavy 500k-row insert asynchronously ---
Waiting for active parquet writes to begin before inducing the storage outage...
Observed parquet growth before chaos injection: 2 files (baseline was 1)
💥 TRIGGERING HARD CHAOS: Executing 'docker stop -t 0 minio'...
Waiting for Trino write workers to exhaust retries or finish after the storage crash...
The bulk insert completed despite the storage outage. Verifying that the table and bucket remain consistent after recovery.
🩹 HEALING INFRASTRUCTURE: Executing 'docker start minio'...
Sleeping 5000ms for MinIO web services to boot and connection pools to recover...

================================================================================
🔍 STAGE 2: POST-CHAOS STATE (UNCOMMITTED FILES STRANDED)
Bucket Target: warehouse | Object Prefix: default/customer_clicks
--------------------------------------------------------------------------------
   📦 PARQUET | 765        bytes | default/customer_clicks-f985bde88f9a4be6a2252cf0eb46331b/data/20260829_062023_00406_css5m-c0911551-2e47-407b-ab3b-a2931a8b37c3.parquet
   📦 PARQUET | 428015     bytes | default/customer_clicks-f985bde88f9a4be6a2252cf0eb46331b/data/20260829_062024_00407_css5m-5a295af4-4ac7-4a30-8712-9378b7f14994.parquet
   📄 METADATA | 2451       bytes | default/customer_clicks-f985bde88f9a4be6a2252cf0eb46331b/metadata/00000-0f597fb9-92ea-49aa-a377-c0d06a4650d9.metadata.json
   📄 METADATA | 4964       bytes | default/customer_clicks-f985bde88f9a4be6a2252cf0eb46331b/metadata/00001-bffb9d77-2737-40ef-998c-ec9c91d24cf0.metadata.json
   📄 METADATA | 7513       bytes | default/customer_clicks-f985bde88f9a4be6a2252cf0eb46331b/metadata/00002-4230350e-896e-4689-b4c8-438ac1d8a423.metadata.json
   📁 OTHER    | 971        bytes | default/customer_clicks-f985bde88f9a4be6a2252cf0eb46331b/metadata/20260829_062023_00406_css5m-27f06ce2-d566-4355-bd65-0406b602dd05.stats
   📁 OTHER    | 32054      bytes | default/customer_clicks-f985bde88f9a4be6a2252cf0eb46331b/metadata/20260829_062024_00407_css5m-78420b48-d9da-4b07-a3ec-94433872c778.stats
   🧬 AVRO     | 7266       bytes | default/customer_clicks-f985bde88f9a4be6a2252cf0eb46331b/metadata/3bc4a778-6d60-4329-894a-a6b8bc90c526-m0.avro
   🧬 AVRO     | 7279       bytes | default/customer_clicks-f985bde88f9a4be6a2252cf0eb46331b/metadata/f04cb012-65f0-429e-8299-87f364974d60-m0.avro
   🧬 AVRO     | 4488       bytes | default/customer_clicks-f985bde88f9a4be6a2252cf0eb46331b/metadata/snap-299212012030924893-1-3bc4a778-6d60-4329-894a-a6b8bc90c526.avro
   🧬 AVRO     | 4554       bytes | default/customer_clicks-f985bde88f9a4be6a2252cf0eb46331b/metadata/snap-5373602145806755546-1-f04cb012-65f0-429e-8299-87f364974d60.avro
   🧬 AVRO     | 4313       bytes | default/customer_clicks-f985bde88f9a4be6a2252cf0eb46331b/metadata/snap-8496642609552066142-1-710f0a65-b098-4f86-bb40-ba2feb592cc1.avro
================================================================================

Logical row count after S3 network crash: 500002
Temporarily lowering the remove-orphan retention guard so the cleanup can sweep this simulated outage state...

================================================================================
🔍 STAGE 3: POST-PURGE STATE (SELF-HEALED BUCKET)
Bucket Target: warehouse | Object Prefix: default/customer_clicks
--------------------------------------------------------------------------------
   📦 PARQUET | 765        bytes | default/customer_clicks-f985bde88f9a4be6a2252cf0eb46331b/data/20260829_062023_00406_css5m-c0911551-2e47-407b-ab3b-a2931a8b37c3.parquet
   📦 PARQUET | 428015     bytes | default/customer_clicks-f985bde88f9a4be6a2252cf0eb46331b/data/20260829_062024_00407_css5m-5a295af4-4ac7-4a30-8712-9378b7f14994.parquet
   📄 METADATA | 2451       bytes | default/customer_clicks-f985bde88f9a4be6a2252cf0eb46331b/metadata/00000-0f597fb9-92ea-49aa-a377-c0d06a4650d9.metadata.json
   📄 METADATA | 4964       bytes | default/customer_clicks-f985bde88f9a4be6a2252cf0eb46331b/metadata/00001-bffb9d77-2737-40ef-998c-ec9c91d24cf0.metadata.json
   📄 METADATA | 7513       bytes | default/customer_clicks-f985bde88f9a4be6a2252cf0eb46331b/metadata/00002-4230350e-896e-4689-b4c8-438ac1d8a423.metadata.json
   📁 OTHER    | 971        bytes | default/customer_clicks-f985bde88f9a4be6a2252cf0eb46331b/metadata/20260829_062023_00406_css5m-27f06ce2-d566-4355-bd65-0406b602dd05.stats
   📁 OTHER    | 32054      bytes | default/customer_clicks-f985bde88f9a4be6a2252cf0eb46331b/metadata/20260829_062024_00407_css5m-78420b48-d9da-4b07-a3ec-94433872c778.stats
   🧬 AVRO     | 7266       bytes | default/customer_clicks-f985bde88f9a4be6a2252cf0eb46331b/metadata/3bc4a778-6d60-4329-894a-a6b8bc90c526-m0.avro
   🧬 AVRO     | 7279       bytes | default/customer_clicks-f985bde88f9a4be6a2252cf0eb46331b/metadata/f04cb012-65f0-429e-8299-87f364974d60-m0.avro
   🧬 AVRO     | 4488       bytes | default/customer_clicks-f985bde88f9a4be6a2252cf0eb46331b/metadata/snap-299212012030924893-1-3bc4a778-6d60-4329-894a-a6b8bc90c526.avro
   🧬 AVRO     | 4554       bytes | default/customer_clicks-f985bde88f9a4be6a2252cf0eb46331b/metadata/snap-5373602145806755546-1-f04cb012-65f0-429e-8299-87f364974d60.avro
   🧬 AVRO     | 4313       bytes | default/customer_clicks-f985bde88f9a4be6a2252cf0eb46331b/metadata/snap-8496642609552066142-1-710f0a65-b098-4f86-bb40-ba2feb592cc1.avro
================================================================================

Reset iceberg.remove_orphan_files_min_retention to default session state.
Attempting to drop table 'iceberg.default.customer_clicks' if it exists...

========== BaseTest.tearDown() - Starting cleanup ==========
Attempting to drop table 'iceberg.default.customer_clicks' if it exists...
Attempting to drop table 'iceberg.default.customer_profiles' if it exists...
========== BaseTest.tearDown() - Completed ==========

]]></system-out>
  </testcase>
</testsuite>